Using pre-set license
Built from '2020.2/release' branch; Version is '2020.2.1f1 (270dd8c3da1c) revision 2559448'; Using compiler version '192528614'; Build Type 'Release'
OS: 'Windows 10  (10.0.0) 64bit' Language: 'en' Physical Memory: 8133 MB
BatchMode: 1, IsHumanControllingUs: 0, StartBugReporterOnCrash: 0, Is64bit: 1, IsPro: 0

 COMMAND LINE ARGUMENTS:
E:\Programs\2020.2.1f1\Editor\Unity.exe
-adb2
-batchMode
-noUpm
-name
AssetImportWorker0
-projectPath
E:/Desktop/My Folder/Projects/Game Projects/Singleplayer App Games/3D/Cubey
-logFile
Logs/AssetImportWorker0.log
-srvPort
50447
Successfully changed project path to: E:/Desktop/My Folder/Projects/Game Projects/Singleplayer App Games/3D/Cubey
E:/Desktop/My Folder/Projects/Game Projects/Singleplayer App Games/3D/Cubey
Using Asset Import Pipeline V2.
Refreshing native plugins compatible for Editor in 49.15 ms, found 0 plugins.
Preloading 0 native plugins for Editor in 0.00 ms.
Initialize engine version: 2020.2.1f1 (270dd8c3da1c)
[Subsystems] Discovering subsystems at path E:/Programs/2020.2.1f1/Editor/Data/Resources/UnitySubsystems
[Subsystems] Discovering subsystems at path E:/Desktop/My Folder/Projects/Game Projects/Singleplayer App Games/3D/Cubey/Assets
GfxDevice: creating device client; threaded=0
Direct3D:
    Version:  Direct3D 11.0 [level 11.1]
    Renderer: AMD Radeon (TM) R7 360 Series (ID=0x665f)
    Vendor:   
    VRAM:     2024 MB
    Driver:   27.20.14501.28009
Initialize mono
Mono path[0] = 'E:/Programs/2020.2.1f1/Editor/Data/Managed'
Mono path[1] = 'E:/Programs/2020.2.1f1/Editor/Data/MonoBleedingEdge/lib/mono/unityjit'
Mono config path = 'E:/Programs/2020.2.1f1/Editor/Data/MonoBleedingEdge/etc'
Using monoOptions --debugger-agent=transport=dt_socket,embedding=1,server=y,suspend=n,address=127.0.0.1:56192
Begin MonoManager ReloadAssembly
Registering precompiled unity dll's ...
Register platform support module: E:/Programs/2020.2.1f1/Editor/Data/PlaybackEngines/WebGLSupport/UnityEditor.WebGL.Extensions.dll
Register platform support module: E:/Programs/2020.2.1f1/Editor/Data/PlaybackEngines/MacStandaloneSupport/UnityEditor.OSXStandalone.Extensions.dll
Register platform support module: E:/Programs/2020.2.1f1/Editor/Data/PlaybackEngines/WindowsStandaloneSupport/UnityEditor.WindowsStandalone.Extensions.dll
Register platform support module: E:/Programs/2020.2.1f1/Editor/Data/PlaybackEngines/LinuxStandaloneSupport/UnityEditor.LinuxStandalone.Extensions.dll
Register platform support module: E:/Programs/2020.2.1f1/Editor/Data/PlaybackEngines/LuminSupport/UnityEditor.Lumin.Extensions.dll
Registered in 0.002930 seconds.
Native extension for Lumin target not found
Native extension for LinuxStandalone target not found
Native extension for WindowsStandalone target not found
Native extension for OSXStandalone target not found
Native extension for WebGL target not found
Refreshing native plugins compatible for Editor in 42.32 ms, found 0 plugins.
Preloading 0 native plugins for Editor in 0.00 ms.
Invoked RoslynAnalysisRunner static constructor.
RoslynAnalysisRunner will not be running.
RoslynAnalysisRunner has terminated.
Mono: successfully reloaded assembly
- Completed reload, in  3.775 seconds
Platform modules already initialized, skipping
Registering precompiled user dll's ...
Registered in 0.004227 seconds.
Begin MonoManager ReloadAssembly
Native extension for Lumin target not found
Native extension for LinuxStandalone target not found
Native extension for WindowsStandalone target not found
Native extension for OSXStandalone target not found
Native extension for WebGL target not found
Refreshing native plugins compatible for Editor in 0.45 ms, found 0 plugins.
Preloading 0 native plugins for Editor in 0.00 ms.
Invoked RoslynAnalysisRunner static constructor.
RoslynAnalysisRunner will not be running.
RoslynAnalysisRunner has terminated.
Mono: successfully reloaded assembly
- Completed reload, in  1.046 seconds
Platform modules already initialized, skipping
========================================================================
Worker process is ready to serve import requests
Launched and connected shader compiler UnityShaderCompiler.exe after 0.06 seconds
Refreshing native plugins compatible for Editor in 0.51 ms, found 0 plugins.
Preloading 0 native plugins for Editor in 0.00 ms.
Unloading 1523 Unused Serialized files (Serialized files now loaded: 0)
System memory in use before: 69.4 MB.
System memory in use after: 69.5 MB.

Unloading 37 unused Assets to reduce memory usage. Loaded Objects now: 1951.
Total: 2.504490 ms (FindLiveObjects: 0.295531 ms CreateObjectMapping: 0.221568 ms MarkObjects: 1.924634 ms  DeleteObjects: 0.061476 ms)

========================================================================
Received Import Request.
  path: Assets/Prefabs/Wall.prefab
  artifactKey: Guid(9907518ce102d4a4fabc267ac41438fb) Importer(815301076,1909f56bfc062723c751e8b465ee728b)
Start importing Assets/Prefabs/Wall.prefab using Guid(9907518ce102d4a4fabc267ac41438fb) Importer(815301076,1909f56bfc062723c751e8b465ee728b)  -> (artifact id: '06e677fde86d205b9e63cd9fe6b1e4eb') in 0.230533 seconds
  Import took 0.233625 seconds .

========================================================================
Received Import Request.
  Time since last request: 0.000567 seconds.
  path: Assets/Prefabs/Finish Point.prefab
  artifactKey: Guid(6a3c3429b6538e84bb6210162f02034f) Importer(815301076,1909f56bfc062723c751e8b465ee728b)
Start importing Assets/Prefabs/Finish Point.prefab using Guid(6a3c3429b6538e84bb6210162f02034f) Importer(815301076,1909f56bfc062723c751e8b465ee728b)  -> (artifact id: 'f41ffdd5803bb2560679e13aebe0b63a') in 0.091814 seconds
  Import took 0.094697 seconds .

========================================================================
Received Import Request.
  Time since last request: 0.000270 seconds.
  path: Assets/Prefabs/Obstacle.prefab
  artifactKey: Guid(59c24766f1874284e81a3c27822864ad) Importer(815301076,1909f56bfc062723c751e8b465ee728b)
Start importing Assets/Prefabs/Obstacle.prefab using Guid(59c24766f1874284e81a3c27822864ad) Importer(815301076,1909f56bfc062723c751e8b465ee728b)  -> (artifact id: 'f603d8c52a237fa6956a8df55cd38533') in 0.010101 seconds
  Import took 0.013414 seconds .

========================================================================
Received Import Request.
  Time since last request: 0.000231 seconds.
  path: Assets/Prefabs/Platform.prefab
  artifactKey: Guid(5dcd7ec55a811d04790423a01c4d5a5b) Importer(815301076,1909f56bfc062723c751e8b465ee728b)
Start importing Assets/Prefabs/Platform.prefab using Guid(5dcd7ec55a811d04790423a01c4d5a5b) Importer(815301076,1909f56bfc062723c751e8b465ee728b)  -> (artifact id: 'a39458483c9285eaa04819c6ea2dd6b1') in 0.009081 seconds
  Import took 0.012705 seconds .

========================================================================
Received Import Request.
  Time since last request: 0.000202 seconds.
  path: Assets/Prefabs/Coin.prefab
  artifactKey: Guid(030ef24ba94a70e468136524924c6d8c) Importer(815301076,1909f56bfc062723c751e8b465ee728b)
Start importing Assets/Prefabs/Coin.prefab using Guid(030ef24ba94a70e468136524924c6d8c) Importer(815301076,1909f56bfc062723c751e8b465ee728b)  -> (artifact id: '0ddba00272e79e57c6329f0253327539') in 0.010272 seconds
  Import took 0.013631 seconds .

========================================================================
Received Import Request.
  Time since last request: 0.000186 seconds.
  path: Assets/Prefabs/Money and Lives.prefab
  artifactKey: Guid(3f225a76b16f917459370828c2eeadf8) Importer(815301076,1909f56bfc062723c751e8b465ee728b)
Start importing Assets/Prefabs/Money and Lives.prefab using Guid(3f225a76b16f917459370828c2eeadf8) Importer(815301076,1909f56bfc062723c751e8b465ee728b)  -> (artifact id: 'c71e62ba4932724ab75594f5058f9700') in 0.014933 seconds
  Import took 0.018631 seconds .

========================================================================
Received Import Request.
  Time since last request: 0.000222 seconds.
  path: Assets/Prefabs/Joystick.prefab
  artifactKey: Guid(f0c4f95b3b9e7ef4dbea2894dd8b9708) Importer(815301076,1909f56bfc062723c751e8b465ee728b)
Start importing Assets/Prefabs/Joystick.prefab using Guid(f0c4f95b3b9e7ef4dbea2894dd8b9708) Importer(815301076,1909f56bfc062723c751e8b465ee728b)  -> (artifact id: 'f26f19338103f3f155737417fc31ccb1') in 0.009372 seconds
  Import took 0.013043 seconds .

========================================================================
Received Import Request.
  Time since last request: 0.000181 seconds.
  path: Assets/Prefabs/MainMenu.prefab
  artifactKey: Guid(cb0271a26bf3e064f8b373eee1485ba4) Importer(815301076,1909f56bfc062723c751e8b465ee728b)
Start importing Assets/Prefabs/MainMenu.prefab using Guid(cb0271a26bf3e064f8b373eee1485ba4) Importer(815301076,1909f56bfc062723c751e8b465ee728b)  -> (artifact id: '09f4ebb0311c18aafa3556999b0a1e1e') in 0.012147 seconds
  Import took 0.015950 seconds .

========================================================================
Received Import Request.
  Time since last request: 0.000190 seconds.
  path: Assets/Prefabs/Player.prefab
  artifactKey: Guid(57212eff128aa1645978f2cdc503a151) Importer(815301076,1909f56bfc062723c751e8b465ee728b)
Start importing Assets/Prefabs/Player.prefab using Guid(57212eff128aa1645978f2cdc503a151) Importer(815301076,1909f56bfc062723c751e8b465ee728b)  -> (artifact id: '531bfec2c74fdc3c606812f29ec93a67') in 0.008965 seconds
  Import took 0.012003 seconds .

========================================================================
Received Import Request.
  Time since last request: 0.000181 seconds.
  path: Assets/Prefabs/PlusOne.prefab
  artifactKey: Guid(d4684da72d47be64fb9fa2f431eb5b8e) Importer(815301076,1909f56bfc062723c751e8b465ee728b)
Start importing Assets/Prefabs/PlusOne.prefab using Guid(d4684da72d47be64fb9fa2f431eb5b8e) Importer(815301076,1909f56bfc062723c751e8b465ee728b)  -> (artifact id: '3dc47a349db933658eefc8d4b685b1da') in 0.003657 seconds
  Import took 0.006863 seconds .

========================================================================
Received Import Request.
  Time since last request: 0.000190 seconds.
  path: Assets/Prefabs/Player.prefab
  artifactKey: Guid(57212eff128aa1645978f2cdc503a151) Importer(815301076,1909f56bfc062723c751e8b465ee728b)
Start importing Assets/Prefabs/Player.prefab using Guid(57212eff128aa1645978f2cdc503a151) Importer(815301076,1909f56bfc062723c751e8b465ee728b)  -> (artifact id: '531bfec2c74fdc3c606812f29ec93a67') in 0.008497 seconds
  Import took 0.011829 seconds .

========================================================================
Received Import Request.
  Time since last request: 0.002935 seconds.
  path: Assets/Prefabs/PlusOne.prefab
  artifactKey: Guid(d4684da72d47be64fb9fa2f431eb5b8e) Importer(815301076,1909f56bfc062723c751e8b465ee728b)
Start importing Assets/Prefabs/PlusOne.prefab using Guid(d4684da72d47be64fb9fa2f431eb5b8e) Importer(815301076,1909f56bfc062723c751e8b465ee728b)  -> (artifact id: '3dc47a349db933658eefc8d4b685b1da') in 0.003455 seconds
  Import took 0.007286 seconds .

========================================================================
Received Import Request.
  Time since last request: 438.901321 seconds.
  path: Assets/Levels/Level01.unity
  artifactKey: Guid(99c9720ab356a0642a771bea13969a05) Importer(815301076,1909f56bfc062723c751e8b465ee728b)
Start importing Assets/Levels/Level01.unity using Guid(99c9720ab356a0642a771bea13969a05) Importer(815301076,1909f56bfc062723c751e8b465ee728b)  -> (artifact id: '5e82f818c6f968bd2a804313545ce857') in 0.004161 seconds
  Import took 0.008824 seconds .

AssetImportWorkerClient::OnTransportError - code=2 error=End of file
